_ _ _ _ _ _ _
|* P o P * E *
|* o * * * o *
|* P o P P P *
|* o * * * o *
|* P o P * o *
|* * * * * P *
|* o o P o S *
_ _ _ _ _ _ _
Passed Goal Test

________________BF SOLUTION_________________________
************************
[x: 5, y: 6] => DOWN - Steps Left: 36 -  Pokemons Left: 11 [noop,  Level: 0]
[x: 5, y: 6] => LEFT - Steps Left: 36 -  Pokemons Left: 11 [Rotate Right,  Level: 1]
[x: 4, y: 6] => LEFT - Steps Left: 35 -  Pokemons Left: 11 [Move Forward,  Level: 2]
[x: 3, y: 6] => LEFT - Steps Left: 34 -  Pokemons Left: 10 [Move Forward,  Level: 3]
[x: 2, y: 6] => LEFT - Steps Left: 33 -  Pokemons Left: 10 [Move Forward,  Level: 4]
[x: 2, y: 6] => UP - Steps Left: 33 -  Pokemons Left: 10 [Rotate Right,  Level: 5]
[x: 2, y: 6] => RIGHT - Steps Left: 33 -  Pokemons Left: 10 [Rotate Right,  Level: 6]
[x: 3, y: 6] => RIGHT - Steps Left: 32 -  Pokemons Left: 10 [Move Forward,  Level: 7]
[x: 4, y: 6] => RIGHT - Steps Left: 31 -  Pokemons Left: 10 [Move Forward,  Level: 8]
[x: 5, y: 6] => RIGHT - Steps Left: 30 -  Pokemons Left: 10 [Move Forward,  Level: 9]
[x: 5, y: 6] => UP - Steps Left: 30 -  Pokemons Left: 10 [Rotate Left,  Level: 10]
[x: 5, y: 5] => UP - Steps Left: 29 -  Pokemons Left: 9 [Move Forward,  Level: 11]
[x: 5, y: 4] => UP - Steps Left: 28 -  Pokemons Left: 9 [Move Forward,  Level: 12]
[x: 5, y: 3] => UP - Steps Left: 27 -  Pokemons Left: 9 [Move Forward,  Level: 13]
[x: 5, y: 2] => UP - Steps Left: 26 -  Pokemons Left: 8 [Move Forward,  Level: 14]
[x: 5, y: 2] => LEFT - Steps Left: 26 -  Pokemons Left: 8 [Rotate Left,  Level: 15]
[x: 4, y: 2] => LEFT - Steps Left: 25 -  Pokemons Left: 7 [Move Forward,  Level: 16]
[x: 3, y: 2] => LEFT - Steps Left: 24 -  Pokemons Left: 6 [Move Forward,  Level: 17]
[x: 2, y: 2] => LEFT - Steps Left: 23 -  Pokemons Left: 6 [Move Forward,  Level: 18]
[x: 1, y: 2] => LEFT - Steps Left: 22 -  Pokemons Left: 5 [Move Forward,  Level: 19]
[x: 1, y: 2] => UP - Steps Left: 22 -  Pokemons Left: 5 [Rotate Right,  Level: 20]
[x: 1, y: 1] => UP - Steps Left: 21 -  Pokemons Left: 5 [Move Forward,  Level: 21]
[x: 1, y: 0] => UP - Steps Left: 20 -  Pokemons Left: 4 [Move Forward,  Level: 22]
[x: 1, y: 0] => RIGHT - Steps Left: 20 -  Pokemons Left: 4 [Rotate Right,  Level: 23]
[x: 2, y: 0] => RIGHT - Steps Left: 19 -  Pokemons Left: 4 [Move Forward,  Level: 24]
[x: 3, y: 0] => RIGHT - Steps Left: 18 -  Pokemons Left: 3 [Move Forward,  Level: 25]
[x: 3, y: 0] => DOWN - Steps Left: 18 -  Pokemons Left: 3 [Rotate Right,  Level: 26]
[x: 3, y: 0] => LEFT - Steps Left: 18 -  Pokemons Left: 3 [Rotate Right,  Level: 27]
[x: 2, y: 0] => LEFT - Steps Left: 17 -  Pokemons Left: 3 [Move Forward,  Level: 28]
[x: 1, y: 0] => LEFT - Steps Left: 16 -  Pokemons Left: 3 [Move Forward,  Level: 29]
[x: 1, y: 0] => DOWN - Steps Left: 16 -  Pokemons Left: 3 [Rotate Left,  Level: 30]
[x: 1, y: 1] => DOWN - Steps Left: 15 -  Pokemons Left: 3 [Move Forward,  Level: 31]
[x: 1, y: 2] => DOWN - Steps Left: 14 -  Pokemons Left: 3 [Move Forward,  Level: 32]
[x: 1, y: 3] => DOWN - Steps Left: 13 -  Pokemons Left: 3 [Move Forward,  Level: 33]
[x: 1, y: 4] => DOWN - Steps Left: 12 -  Pokemons Left: 2 [Move Forward,  Level: 34]
[x: 1, y: 4] => RIGHT - Steps Left: 12 -  Pokemons Left: 2 [Rotate Left,  Level: 35]
[x: 2, y: 4] => RIGHT - Steps Left: 11 -  Pokemons Left: 2 [Move Forward,  Level: 36]
[x: 3, y: 4] => RIGHT - Steps Left: 10 -  Pokemons Left: 1 [Move Forward,  Level: 37]
[x: 3, y: 4] => DOWN - Steps Left: 10 -  Pokemons Left: 1 [Rotate Right,  Level: 38]
[x: 3, y: 4] => LEFT - Steps Left: 10 -  Pokemons Left: 1 [Rotate Right,  Level: 39]
[x: 2, y: 4] => LEFT - Steps Left: 9 -  Pokemons Left: 1 [Move Forward,  Level: 40]
[x: 1, y: 4] => LEFT - Steps Left: 8 -  Pokemons Left: 1 [Move Forward,  Level: 41]
[x: 1, y: 4] => UP - Steps Left: 8 -  Pokemons Left: 1 [Rotate Right,  Level: 42]
[x: 1, y: 3] => UP - Steps Left: 7 -  Pokemons Left: 1 [Move Forward,  Level: 43]
[x: 1, y: 2] => UP - Steps Left: 6 -  Pokemons Left: 1 [Move Forward,  Level: 44]
[x: 1, y: 2] => RIGHT - Steps Left: 6 -  Pokemons Left: 1 [Rotate Right,  Level: 45]
[x: 2, y: 2] => RIGHT - Steps Left: 5 -  Pokemons Left: 1 [Move Forward,  Level: 46]
[x: 3, y: 2] => RIGHT - Steps Left: 4 -  Pokemons Left: 1 [Move Forward,  Level: 47]
[x: 4, y: 2] => RIGHT - Steps Left: 3 -  Pokemons Left: 1 [Move Forward,  Level: 48]
[x: 5, y: 2] => RIGHT - Steps Left: 2 -  Pokemons Left: 1 [Move Forward,  Level: 49]
[x: 5, y: 2] => UP - Steps Left: 2 -  Pokemons Left: 1 [Rotate Left,  Level: 50]
[x: 5, y: 1] => UP - Steps Left: 1 -  Pokemons Left: 1 [Move Forward,  Level: 51]
[x: 5, y: 0] => UP - Steps Left: 0 -  Pokemons Left: 0 [Move Forward,  Level: 52]
************************



Steps To Move: 36, Number Of Pokemons: 11
Number Of Expanded Nodes: 25288, Solution Depth: 52

__________________________________________________________________________________
Passed Goal Test

________________DF SOLUTION_________________________
************************
[x: 5, y: 6] => DOWN - Steps Left: 36 -  Pokemons Left: 11 [noop,  Level: 0]
[x: 5, y: 6] => RIGHT - Steps Left: 36 -  Pokemons Left: 11 [Rotate Left,  Level: 1]
[x: 5, y: 6] => UP - Steps Left: 36 -  Pokemons Left: 11 [Rotate Left,  Level: 2]
[x: 5, y: 5] => UP - Steps Left: 35 -  Pokemons Left: 10 [Move Forward,  Level: 3]
[x: 5, y: 5] => LEFT - Steps Left: 35 -  Pokemons Left: 10 [Rotate Left,  Level: 4]
[x: 5, y: 5] => DOWN - Steps Left: 35 -  Pokemons Left: 10 [Rotate Left,  Level: 5]
[x: 5, y: 6] => DOWN - Steps Left: 34 -  Pokemons Left: 10 [Move Forward,  Level: 6]
[x: 5, y: 6] => RIGHT - Steps Left: 34 -  Pokemons Left: 10 [Rotate Left,  Level: 7]
[x: 5, y: 6] => UP - Steps Left: 34 -  Pokemons Left: 10 [Rotate Left,  Level: 8]
[x: 5, y: 5] => UP - Steps Left: 33 -  Pokemons Left: 10 [Move Forward,  Level: 9]
[x: 5, y: 5] => LEFT - Steps Left: 33 -  Pokemons Left: 10 [Rotate Left,  Level: 10]
[x: 5, y: 5] => DOWN - Steps Left: 33 -  Pokemons Left: 10 [Rotate Left,  Level: 11]
[x: 5, y: 6] => DOWN - Steps Left: 32 -  Pokemons Left: 10 [Move Forward,  Level: 12]
[x: 5, y: 6] => RIGHT - Steps Left: 32 -  Pokemons Left: 10 [Rotate Left,  Level: 13]
[x: 5, y: 6] => UP - Steps Left: 32 -  Pokemons Left: 10 [Rotate Left,  Level: 14]
[x: 5, y: 5] => UP - Steps Left: 31 -  Pokemons Left: 10 [Move Forward,  Level: 15]
[x: 5, y: 5] => LEFT - Steps Left: 31 -  Pokemons Left: 10 [Rotate Left,  Level: 16]
[x: 5, y: 5] => DOWN - Steps Left: 31 -  Pokemons Left: 10 [Rotate Left,  Level: 17]
[x: 5, y: 6] => DOWN - Steps Left: 30 -  Pokemons Left: 10 [Move Forward,  Level: 18]
[x: 5, y: 6] => RIGHT - Steps Left: 30 -  Pokemons Left: 10 [Rotate Left,  Level: 19]
[x: 5, y: 6] => UP - Steps Left: 30 -  Pokemons Left: 10 [Rotate Left,  Level: 20]
[x: 5, y: 5] => UP - Steps Left: 29 -  Pokemons Left: 10 [Move Forward,  Level: 21]
[x: 5, y: 5] => LEFT - Steps Left: 29 -  Pokemons Left: 10 [Rotate Left,  Level: 22]
[x: 5, y: 5] => DOWN - Steps Left: 29 -  Pokemons Left: 10 [Rotate Left,  Level: 23]
[x: 5, y: 6] => DOWN - Steps Left: 28 -  Pokemons Left: 10 [Move Forward,  Level: 24]
[x: 5, y: 6] => RIGHT - Steps Left: 28 -  Pokemons Left: 10 [Rotate Left,  Level: 25]
[x: 5, y: 6] => UP - Steps Left: 28 -  Pokemons Left: 10 [Rotate Left,  Level: 26]
[x: 5, y: 5] => UP - Steps Left: 27 -  Pokemons Left: 10 [Move Forward,  Level: 27]
[x: 5, y: 5] => LEFT - Steps Left: 27 -  Pokemons Left: 10 [Rotate Left,  Level: 28]
[x: 5, y: 5] => DOWN - Steps Left: 27 -  Pokemons Left: 10 [Rotate Left,  Level: 29]
[x: 5, y: 6] => DOWN - Steps Left: 26 -  Pokemons Left: 10 [Move Forward,  Level: 30]
[x: 5, y: 6] => RIGHT - Steps Left: 26 -  Pokemons Left: 10 [Rotate Left,  Level: 31]
[x: 5, y: 6] => UP - Steps Left: 26 -  Pokemons Left: 10 [Rotate Left,  Level: 32]
[x: 5, y: 5] => UP - Steps Left: 25 -  Pokemons Left: 10 [Move Forward,  Level: 33]
[x: 5, y: 5] => LEFT - Steps Left: 25 -  Pokemons Left: 10 [Rotate Left,  Level: 34]
[x: 5, y: 5] => DOWN - Steps Left: 25 -  Pokemons Left: 10 [Rotate Left,  Level: 35]
[x: 5, y: 6] => DOWN - Steps Left: 24 -  Pokemons Left: 10 [Move Forward,  Level: 36]
[x: 5, y: 6] => RIGHT - Steps Left: 24 -  Pokemons Left: 10 [Rotate Left,  Level: 37]
[x: 5, y: 6] => UP - Steps Left: 24 -  Pokemons Left: 10 [Rotate Left,  Level: 38]
[x: 5, y: 5] => UP - Steps Left: 23 -  Pokemons Left: 10 [Move Forward,  Level: 39]
[x: 5, y: 5] => LEFT - Steps Left: 23 -  Pokemons Left: 10 [Rotate Left,  Level: 40]
[x: 5, y: 5] => DOWN - Steps Left: 23 -  Pokemons Left: 10 [Rotate Left,  Level: 41]
[x: 5, y: 6] => DOWN - Steps Left: 22 -  Pokemons Left: 10 [Move Forward,  Level: 42]
[x: 5, y: 6] => RIGHT - Steps Left: 22 -  Pokemons Left: 10 [Rotate Left,  Level: 43]
[x: 5, y: 6] => UP - Steps Left: 22 -  Pokemons Left: 10 [Rotate Left,  Level: 44]
[x: 5, y: 5] => UP - Steps Left: 21 -  Pokemons Left: 10 [Move Forward,  Level: 45]
[x: 5, y: 5] => LEFT - Steps Left: 21 -  Pokemons Left: 10 [Rotate Left,  Level: 46]
[x: 5, y: 5] => DOWN - Steps Left: 21 -  Pokemons Left: 10 [Rotate Left,  Level: 47]
[x: 5, y: 6] => DOWN - Steps Left: 20 -  Pokemons Left: 10 [Move Forward,  Level: 48]
[x: 5, y: 6] => RIGHT - Steps Left: 20 -  Pokemons Left: 10 [Rotate Left,  Level: 49]
[x: 5, y: 6] => UP - Steps Left: 20 -  Pokemons Left: 10 [Rotate Left,  Level: 50]
[x: 5, y: 5] => UP - Steps Left: 19 -  Pokemons Left: 10 [Move Forward,  Level: 51]
[x: 5, y: 5] => LEFT - Steps Left: 19 -  Pokemons Left: 10 [Rotate Left,  Level: 52]
[x: 5, y: 5] => DOWN - Steps Left: 19 -  Pokemons Left: 10 [Rotate Left,  Level: 53]
[x: 5, y: 6] => DOWN - Steps Left: 18 -  Pokemons Left: 10 [Move Forward,  Level: 54]
[x: 5, y: 6] => RIGHT - Steps Left: 18 -  Pokemons Left: 10 [Rotate Left,  Level: 55]
[x: 5, y: 6] => UP - Steps Left: 18 -  Pokemons Left: 10 [Rotate Left,  Level: 56]
[x: 5, y: 5] => UP - Steps Left: 17 -  Pokemons Left: 10 [Move Forward,  Level: 57]
[x: 5, y: 5] => LEFT - Steps Left: 17 -  Pokemons Left: 10 [Rotate Left,  Level: 58]
[x: 5, y: 5] => DOWN - Steps Left: 17 -  Pokemons Left: 10 [Rotate Left,  Level: 59]
[x: 5, y: 6] => DOWN - Steps Left: 16 -  Pokemons Left: 10 [Move Forward,  Level: 60]
[x: 5, y: 6] => RIGHT - Steps Left: 16 -  Pokemons Left: 10 [Rotate Left,  Level: 61]
[x: 5, y: 6] => UP - Steps Left: 16 -  Pokemons Left: 10 [Rotate Left,  Level: 62]
[x: 5, y: 5] => UP - Steps Left: 15 -  Pokemons Left: 10 [Move Forward,  Level: 63]
[x: 5, y: 5] => LEFT - Steps Left: 15 -  Pokemons Left: 10 [Rotate Left,  Level: 64]
[x: 5, y: 5] => DOWN - Steps Left: 15 -  Pokemons Left: 10 [Rotate Left,  Level: 65]
[x: 5, y: 6] => DOWN - Steps Left: 14 -  Pokemons Left: 10 [Move Forward,  Level: 66]
[x: 5, y: 6] => RIGHT - Steps Left: 14 -  Pokemons Left: 10 [Rotate Left,  Level: 67]
[x: 5, y: 6] => UP - Steps Left: 14 -  Pokemons Left: 10 [Rotate Left,  Level: 68]
[x: 5, y: 5] => UP - Steps Left: 13 -  Pokemons Left: 10 [Move Forward,  Level: 69]
[x: 5, y: 5] => LEFT - Steps Left: 13 -  Pokemons Left: 10 [Rotate Left,  Level: 70]
[x: 5, y: 5] => DOWN - Steps Left: 13 -  Pokemons Left: 10 [Rotate Left,  Level: 71]
[x: 5, y: 6] => DOWN - Steps Left: 12 -  Pokemons Left: 10 [Move Forward,  Level: 72]
[x: 5, y: 6] => RIGHT - Steps Left: 12 -  Pokemons Left: 10 [Rotate Left,  Level: 73]
[x: 5, y: 6] => UP - Steps Left: 12 -  Pokemons Left: 10 [Rotate Left,  Level: 74]
[x: 5, y: 5] => UP - Steps Left: 11 -  Pokemons Left: 10 [Move Forward,  Level: 75]
[x: 5, y: 5] => LEFT - Steps Left: 11 -  Pokemons Left: 10 [Rotate Left,  Level: 76]
[x: 5, y: 5] => DOWN - Steps Left: 11 -  Pokemons Left: 10 [Rotate Left,  Level: 77]
[x: 5, y: 6] => DOWN - Steps Left: 10 -  Pokemons Left: 10 [Move Forward,  Level: 78]
[x: 5, y: 6] => RIGHT - Steps Left: 10 -  Pokemons Left: 10 [Rotate Left,  Level: 79]
[x: 5, y: 6] => UP - Steps Left: 10 -  Pokemons Left: 10 [Rotate Left,  Level: 80]
[x: 5, y: 5] => UP - Steps Left: 9 -  Pokemons Left: 10 [Move Forward,  Level: 81]
[x: 5, y: 5] => LEFT - Steps Left: 9 -  Pokemons Left: 10 [Rotate Left,  Level: 82]
[x: 5, y: 5] => DOWN - Steps Left: 9 -  Pokemons Left: 10 [Rotate Left,  Level: 83]
[x: 5, y: 6] => DOWN - Steps Left: 8 -  Pokemons Left: 10 [Move Forward,  Level: 84]
[x: 5, y: 6] => RIGHT - Steps Left: 8 -  Pokemons Left: 10 [Rotate Left,  Level: 85]
[x: 5, y: 6] => UP - Steps Left: 8 -  Pokemons Left: 10 [Rotate Left,  Level: 86]
[x: 5, y: 5] => UP - Steps Left: 7 -  Pokemons Left: 10 [Move Forward,  Level: 87]
[x: 5, y: 5] => LEFT - Steps Left: 7 -  Pokemons Left: 10 [Rotate Left,  Level: 88]
[x: 5, y: 5] => DOWN - Steps Left: 7 -  Pokemons Left: 10 [Rotate Left,  Level: 89]
[x: 5, y: 6] => DOWN - Steps Left: 6 -  Pokemons Left: 10 [Move Forward,  Level: 90]
[x: 5, y: 6] => RIGHT - Steps Left: 6 -  Pokemons Left: 10 [Rotate Left,  Level: 91]
[x: 5, y: 6] => UP - Steps Left: 6 -  Pokemons Left: 10 [Rotate Left,  Level: 92]
[x: 5, y: 5] => UP - Steps Left: 5 -  Pokemons Left: 10 [Move Forward,  Level: 93]
[x: 5, y: 5] => LEFT - Steps Left: 5 -  Pokemons Left: 10 [Rotate Left,  Level: 94]
[x: 5, y: 5] => DOWN - Steps Left: 5 -  Pokemons Left: 10 [Rotate Left,  Level: 95]
[x: 5, y: 6] => DOWN - Steps Left: 4 -  Pokemons Left: 10 [Move Forward,  Level: 96]
[x: 5, y: 6] => RIGHT - Steps Left: 4 -  Pokemons Left: 10 [Rotate Left,  Level: 97]
[x: 5, y: 6] => UP - Steps Left: 4 -  Pokemons Left: 10 [Rotate Left,  Level: 98]
[x: 5, y: 5] => UP - Steps Left: 3 -  Pokemons Left: 10 [Move Forward,  Level: 99]
[x: 5, y: 5] => LEFT - Steps Left: 3 -  Pokemons Left: 10 [Rotate Left,  Level: 100]
[x: 5, y: 5] => DOWN - Steps Left: 3 -  Pokemons Left: 10 [Rotate Left,  Level: 101]
[x: 5, y: 6] => DOWN - Steps Left: 2 -  Pokemons Left: 10 [Move Forward,  Level: 102]
[x: 5, y: 6] => RIGHT - Steps Left: 2 -  Pokemons Left: 10 [Rotate Left,  Level: 103]
[x: 5, y: 6] => UP - Steps Left: 2 -  Pokemons Left: 10 [Rotate Left,  Level: 104]
[x: 5, y: 5] => UP - Steps Left: 1 -  Pokemons Left: 10 [Move Forward,  Level: 105]
[x: 5, y: 5] => LEFT - Steps Left: 1 -  Pokemons Left: 10 [Rotate Left,  Level: 106]
[x: 5, y: 5] => DOWN - Steps Left: 1 -  Pokemons Left: 10 [Rotate Left,  Level: 107]
[x: 5, y: 6] => DOWN - Steps Left: 0 -  Pokemons Left: 10 [Move Forward,  Level: 108]
[x: 5, y: 6] => LEFT - Steps Left: 0 -  Pokemons Left: 10 [Rotate Right,  Level: 109]
[x: 4, y: 6] => LEFT - Steps Left: 0 -  Pokemons Left: 10 [Move Forward,  Level: 110]
[x: 3, y: 6] => LEFT - Steps Left: 0 -  Pokemons Left: 9 [Move Forward,  Level: 111]
[x: 3, y: 6] => DOWN - Steps Left: 0 -  Pokemons Left: 9 [Rotate Left,  Level: 112]
[x: 3, y: 6] => RIGHT - Steps Left: 0 -  Pokemons Left: 9 [Rotate Left,  Level: 113]
[x: 4, y: 6] => RIGHT - Steps Left: 0 -  Pokemons Left: 9 [Move Forward,  Level: 114]
[x: 5, y: 6] => RIGHT - Steps Left: 0 -  Pokemons Left: 9 [Move Forward,  Level: 115]
[x: 5, y: 6] => UP - Steps Left: 0 -  Pokemons Left: 9 [Rotate Left,  Level: 116]
[x: 5, y: 5] => UP - Steps Left: 0 -  Pokemons Left: 9 [Move Forward,  Level: 117]
[x: 5, y: 4] => UP - Steps Left: 0 -  Pokemons Left: 9 [Move Forward,  Level: 118]
[x: 5, y: 3] => UP - Steps Left: 0 -  Pokemons Left: 9 [Move Forward,  Level: 119]
[x: 5, y: 2] => UP - Steps Left: 0 -  Pokemons Left: 8 [Move Forward,  Level: 120]
[x: 5, y: 2] => LEFT - Steps Left: 0 -  Pokemons Left: 8 [Rotate Left,  Level: 121]
[x: 4, y: 2] => LEFT - Steps Left: 0 -  Pokemons Left: 7 [Move Forward,  Level: 122]
[x: 4, y: 2] => DOWN - Steps Left: 0 -  Pokemons Left: 7 [Rotate Left,  Level: 123]
[x: 4, y: 2] => RIGHT - Steps Left: 0 -  Pokemons Left: 7 [Rotate Left,  Level: 124]
[x: 5, y: 2] => RIGHT - Steps Left: 0 -  Pokemons Left: 7 [Move Forward,  Level: 125]
[x: 5, y: 2] => UP - Steps Left: 0 -  Pokemons Left: 7 [Rotate Left,  Level: 126]
[x: 5, y: 1] => UP - Steps Left: 0 -  Pokemons Left: 7 [Move Forward,  Level: 127]
[x: 5, y: 0] => UP - Steps Left: 0 -  Pokemons Left: 6 [Move Forward,  Level: 128]
[x: 5, y: 0] => LEFT - Steps Left: 0 -  Pokemons Left: 6 [Rotate Left,  Level: 129]
[x: 5, y: 0] => DOWN - Steps Left: 0 -  Pokemons Left: 6 [Rotate Left,  Level: 130]
[x: 5, y: 1] => DOWN - Steps Left: 0 -  Pokemons Left: 6 [Move Forward,  Level: 131]
[x: 5, y: 2] => DOWN - Steps Left: 0 -  Pokemons Left: 6 [Move Forward,  Level: 132]
[x: 5, y: 2] => LEFT - Steps Left: 0 -  Pokemons Left: 6 [Rotate Right,  Level: 133]
[x: 4, y: 2] => LEFT - Steps Left: 0 -  Pokemons Left: 6 [Move Forward,  Level: 134]
[x: 3, y: 2] => LEFT - Steps Left: 0 -  Pokemons Left: 5 [Move Forward,  Level: 135]
[x: 2, y: 2] => LEFT - Steps Left: 0 -  Pokemons Left: 5 [Move Forward,  Level: 136]
[x: 1, y: 2] => LEFT - Steps Left: 0 -  Pokemons Left: 4 [Move Forward,  Level: 137]
[x: 1, y: 2] => DOWN - Steps Left: 0 -  Pokemons Left: 4 [Rotate Left,  Level: 138]
[x: 1, y: 3] => DOWN - Steps Left: 0 -  Pokemons Left: 4 [Move Forward,  Level: 139]
[x: 1, y: 4] => DOWN - Steps Left: 0 -  Pokemons Left: 3 [Move Forward,  Level: 140]
[x: 1, y: 4] => RIGHT - Steps Left: 0 -  Pokemons Left: 3 [Rotate Left,  Level: 141]
[x: 1, y: 4] => UP - Steps Left: 0 -  Pokemons Left: 3 [Rotate Left,  Level: 142]
[x: 1, y: 3] => UP - Steps Left: 0 -  Pokemons Left: 3 [Move Forward,  Level: 143]
[x: 1, y: 2] => UP - Steps Left: 0 -  Pokemons Left: 3 [Move Forward,  Level: 144]
[x: 1, y: 1] => UP - Steps Left: 0 -  Pokemons Left: 3 [Move Forward,  Level: 145]
[x: 1, y: 0] => UP - Steps Left: 0 -  Pokemons Left: 2 [Move Forward,  Level: 146]
[x: 1, y: 0] => LEFT - Steps Left: 0 -  Pokemons Left: 2 [Rotate Left,  Level: 147]
[x: 1, y: 0] => DOWN - Steps Left: 0 -  Pokemons Left: 2 [Rotate Left,  Level: 148]
[x: 1, y: 1] => DOWN - Steps Left: 0 -  Pokemons Left: 2 [Move Forward,  Level: 149]
[x: 1, y: 2] => DOWN - Steps Left: 0 -  Pokemons Left: 2 [Move Forward,  Level: 150]
[x: 1, y: 3] => DOWN - Steps Left: 0 -  Pokemons Left: 2 [Move Forward,  Level: 151]
[x: 1, y: 4] => DOWN - Steps Left: 0 -  Pokemons Left: 2 [Move Forward,  Level: 152]
[x: 1, y: 4] => RIGHT - Steps Left: 0 -  Pokemons Left: 2 [Rotate Left,  Level: 153]
[x: 2, y: 4] => RIGHT - Steps Left: 0 -  Pokemons Left: 2 [Move Forward,  Level: 154]
[x: 3, y: 4] => RIGHT - Steps Left: 0 -  Pokemons Left: 1 [Move Forward,  Level: 155]
[x: 3, y: 4] => UP - Steps Left: 0 -  Pokemons Left: 1 [Rotate Left,  Level: 156]
[x: 3, y: 4] => LEFT - Steps Left: 0 -  Pokemons Left: 1 [Rotate Left,  Level: 157]
[x: 2, y: 4] => LEFT - Steps Left: 0 -  Pokemons Left: 1 [Move Forward,  Level: 158]
[x: 1, y: 4] => LEFT - Steps Left: 0 -  Pokemons Left: 1 [Move Forward,  Level: 159]
[x: 1, y: 4] => UP - Steps Left: 0 -  Pokemons Left: 1 [Rotate Right,  Level: 160]
[x: 1, y: 3] => UP - Steps Left: 0 -  Pokemons Left: 1 [Move Forward,  Level: 161]
[x: 1, y: 2] => UP - Steps Left: 0 -  Pokemons Left: 1 [Move Forward,  Level: 162]
[x: 1, y: 1] => UP - Steps Left: 0 -  Pokemons Left: 1 [Move Forward,  Level: 163]
[x: 1, y: 0] => UP - Steps Left: 0 -  Pokemons Left: 1 [Move Forward,  Level: 164]
[x: 1, y: 0] => RIGHT - Steps Left: 0 -  Pokemons Left: 1 [Rotate Right,  Level: 165]
[x: 2, y: 0] => RIGHT - Steps Left: 0 -  Pokemons Left: 1 [Move Forward,  Level: 166]
[x: 3, y: 0] => RIGHT - Steps Left: 0 -  Pokemons Left: 0 [Move Forward,  Level: 167]
[x: 3, y: 0] => UP - Steps Left: 0 -  Pokemons Left: 0 [Rotate Left,  Level: 168]
[x: 3, y: 0] => LEFT - Steps Left: 0 -  Pokemons Left: 0 [Rotate Left,  Level: 169]
[x: 2, y: 0] => LEFT - Steps Left: 0 -  Pokemons Left: 0 [Move Forward,  Level: 170]
[x: 1, y: 0] => LEFT - Steps Left: 0 -  Pokemons Left: 0 [Move Forward,  Level: 171]
[x: 1, y: 0] => DOWN - Steps Left: 0 -  Pokemons Left: 0 [Rotate Left,  Level: 172]
[x: 1, y: 1] => DOWN - Steps Left: 0 -  Pokemons Left: 0 [Move Forward,  Level: 173]
[x: 1, y: 2] => DOWN - Steps Left: 0 -  Pokemons Left: 0 [Move Forward,  Level: 174]
[x: 1, y: 2] => RIGHT - Steps Left: 0 -  Pokemons Left: 0 [Rotate Left,  Level: 175]
[x: 2, y: 2] => RIGHT - Steps Left: 0 -  Pokemons Left: 0 [Move Forward,  Level: 176]
[x: 3, y: 2] => RIGHT - Steps Left: 0 -  Pokemons Left: 0 [Move Forward,  Level: 177]
[x: 4, y: 2] => RIGHT - Steps Left: 0 -  Pokemons Left: 0 [Move Forward,  Level: 178]
[x: 5, y: 2] => RIGHT - Steps Left: 0 -  Pokemons Left: 0 [Move Forward,  Level: 179]
[x: 5, y: 2] => UP - Steps Left: 0 -  Pokemons Left: 0 [Rotate Left,  Level: 180]
[x: 5, y: 1] => UP - Steps Left: 0 -  Pokemons Left: 0 [Move Forward,  Level: 181]
[x: 5, y: 0] => UP - Steps Left: 0 -  Pokemons Left: 0 [Move Forward,  Level: 182]
************************



Steps To Move: 36, Number Of Pokemons: 11
Number Of Expanded Nodes: 594, , Solution Depth: 182

__________________________________________________________________________________
Passed Goal Test

________________UC SOLUTION_________________________
************************
[x: 5, y: 6] => DOWN - Steps Left: 36 -  Pokemons Left: 11 [noop,  Level: 0]
[x: 5, y: 6] => LEFT - Steps Left: 36 -  Pokemons Left: 11 [Rotate Right,  Level: 1]
[x: 4, y: 6] => LEFT - Steps Left: 35 -  Pokemons Left: 11 [Move Forward,  Level: 2]
[x: 3, y: 6] => LEFT - Steps Left: 34 -  Pokemons Left: 10 [Move Forward,  Level: 3]
[x: 2, y: 6] => LEFT - Steps Left: 33 -  Pokemons Left: 10 [Move Forward,  Level: 4]
[x: 2, y: 6] => UP - Steps Left: 33 -  Pokemons Left: 10 [Rotate Right,  Level: 5]
[x: 2, y: 6] => RIGHT - Steps Left: 33 -  Pokemons Left: 10 [Rotate Right,  Level: 6]
[x: 3, y: 6] => RIGHT - Steps Left: 32 -  Pokemons Left: 10 [Move Forward,  Level: 7]
[x: 4, y: 6] => RIGHT - Steps Left: 31 -  Pokemons Left: 10 [Move Forward,  Level: 8]
[x: 5, y: 6] => RIGHT - Steps Left: 30 -  Pokemons Left: 10 [Move Forward,  Level: 9]
[x: 5, y: 6] => UP - Steps Left: 30 -  Pokemons Left: 10 [Rotate Left,  Level: 10]
[x: 5, y: 5] => UP - Steps Left: 29 -  Pokemons Left: 9 [Move Forward,  Level: 11]
[x: 5, y: 4] => UP - Steps Left: 28 -  Pokemons Left: 9 [Move Forward,  Level: 12]
[x: 5, y: 3] => UP - Steps Left: 27 -  Pokemons Left: 9 [Move Forward,  Level: 13]
[x: 5, y: 2] => UP - Steps Left: 26 -  Pokemons Left: 8 [Move Forward,  Level: 14]
[x: 5, y: 2] => LEFT - Steps Left: 26 -  Pokemons Left: 8 [Rotate Left,  Level: 15]
[x: 4, y: 2] => LEFT - Steps Left: 25 -  Pokemons Left: 7 [Move Forward,  Level: 16]
[x: 3, y: 2] => LEFT - Steps Left: 24 -  Pokemons Left: 6 [Move Forward,  Level: 17]
[x: 2, y: 2] => LEFT - Steps Left: 23 -  Pokemons Left: 6 [Move Forward,  Level: 18]
[x: 1, y: 2] => LEFT - Steps Left: 22 -  Pokemons Left: 5 [Move Forward,  Level: 19]
[x: 1, y: 2] => UP - Steps Left: 22 -  Pokemons Left: 5 [Rotate Right,  Level: 20]
[x: 1, y: 1] => UP - Steps Left: 21 -  Pokemons Left: 5 [Move Forward,  Level: 21]
[x: 1, y: 0] => UP - Steps Left: 20 -  Pokemons Left: 4 [Move Forward,  Level: 22]
[x: 1, y: 0] => RIGHT - Steps Left: 20 -  Pokemons Left: 4 [Rotate Right,  Level: 23]
[x: 2, y: 0] => RIGHT - Steps Left: 19 -  Pokemons Left: 4 [Move Forward,  Level: 24]
[x: 3, y: 0] => RIGHT - Steps Left: 18 -  Pokemons Left: 3 [Move Forward,  Level: 25]
[x: 3, y: 0] => DOWN - Steps Left: 18 -  Pokemons Left: 3 [Rotate Right,  Level: 26]
[x: 3, y: 0] => LEFT - Steps Left: 18 -  Pokemons Left: 3 [Rotate Right,  Level: 27]
[x: 2, y: 0] => LEFT - Steps Left: 17 -  Pokemons Left: 3 [Move Forward,  Level: 28]
[x: 1, y: 0] => LEFT - Steps Left: 16 -  Pokemons Left: 3 [Move Forward,  Level: 29]
[x: 1, y: 0] => DOWN - Steps Left: 16 -  Pokemons Left: 3 [Rotate Left,  Level: 30]
[x: 1, y: 1] => DOWN - Steps Left: 15 -  Pokemons Left: 3 [Move Forward,  Level: 31]
[x: 1, y: 2] => DOWN - Steps Left: 14 -  Pokemons Left: 3 [Move Forward,  Level: 32]
[x: 1, y: 3] => DOWN - Steps Left: 13 -  Pokemons Left: 3 [Move Forward,  Level: 33]
[x: 1, y: 4] => DOWN - Steps Left: 12 -  Pokemons Left: 2 [Move Forward,  Level: 34]
[x: 1, y: 4] => RIGHT - Steps Left: 12 -  Pokemons Left: 2 [Rotate Left,  Level: 35]
[x: 2, y: 4] => RIGHT - Steps Left: 11 -  Pokemons Left: 2 [Move Forward,  Level: 36]
[x: 3, y: 4] => RIGHT - Steps Left: 10 -  Pokemons Left: 1 [Move Forward,  Level: 37]
[x: 3, y: 4] => DOWN - Steps Left: 10 -  Pokemons Left: 1 [Rotate Right,  Level: 38]
[x: 3, y: 4] => LEFT - Steps Left: 10 -  Pokemons Left: 1 [Rotate Right,  Level: 39]
[x: 2, y: 4] => LEFT - Steps Left: 9 -  Pokemons Left: 1 [Move Forward,  Level: 40]
[x: 1, y: 4] => LEFT - Steps Left: 8 -  Pokemons Left: 1 [Move Forward,  Level: 41]
[x: 1, y: 4] => UP - Steps Left: 8 -  Pokemons Left: 1 [Rotate Right,  Level: 42]
[x: 1, y: 3] => UP - Steps Left: 7 -  Pokemons Left: 1 [Move Forward,  Level: 43]
[x: 1, y: 2] => UP - Steps Left: 6 -  Pokemons Left: 1 [Move Forward,  Level: 44]
[x: 1, y: 2] => RIGHT - Steps Left: 6 -  Pokemons Left: 1 [Rotate Right,  Level: 45]
[x: 2, y: 2] => RIGHT - Steps Left: 5 -  Pokemons Left: 1 [Move Forward,  Level: 46]
[x: 3, y: 2] => RIGHT - Steps Left: 4 -  Pokemons Left: 1 [Move Forward,  Level: 47]
[x: 4, y: 2] => RIGHT - Steps Left: 3 -  Pokemons Left: 1 [Move Forward,  Level: 48]
[x: 5, y: 2] => RIGHT - Steps Left: 2 -  Pokemons Left: 1 [Move Forward,  Level: 49]
[x: 5, y: 2] => UP - Steps Left: 2 -  Pokemons Left: 1 [Rotate Left,  Level: 50]
[x: 5, y: 1] => UP - Steps Left: 1 -  Pokemons Left: 1 [Move Forward,  Level: 51]
[x: 5, y: 0] => UP - Steps Left: 0 -  Pokemons Left: 0 [Move Forward,  Level: 52]
************************



Steps To Move: 36, Number Of Pokemons: 11
Number Of Expanded Nodes: 25288, Solution Depth: 52

__________________________________________________________________________________
Passed Goal Test

________________ID SOLUTION_________________________
************************
[x: 5, y: 6] => DOWN - Steps Left: 36 -  Pokemons Left: 11 [noop,  Level: 0]
[x: 5, y: 6] => RIGHT - Steps Left: 36 -  Pokemons Left: 11 [Rotate Left,  Level: 1]
[x: 5, y: 6] => UP - Steps Left: 36 -  Pokemons Left: 11 [Rotate Left,  Level: 2]
[x: 5, y: 5] => UP - Steps Left: 35 -  Pokemons Left: 10 [Move Forward,  Level: 3]
[x: 5, y: 5] => LEFT - Steps Left: 35 -  Pokemons Left: 10 [Rotate Left,  Level: 4]
[x: 5, y: 5] => DOWN - Steps Left: 35 -  Pokemons Left: 10 [Rotate Left,  Level: 5]
[x: 5, y: 6] => DOWN - Steps Left: 34 -  Pokemons Left: 10 [Move Forward,  Level: 6]
[x: 5, y: 6] => LEFT - Steps Left: 34 -  Pokemons Left: 10 [Rotate Right,  Level: 7]
[x: 4, y: 6] => LEFT - Steps Left: 33 -  Pokemons Left: 10 [Move Forward,  Level: 8]
[x: 3, y: 6] => LEFT - Steps Left: 32 -  Pokemons Left: 9 [Move Forward,  Level: 9]
[x: 3, y: 6] => DOWN - Steps Left: 32 -  Pokemons Left: 9 [Rotate Left,  Level: 10]
[x: 3, y: 6] => RIGHT - Steps Left: 32 -  Pokemons Left: 9 [Rotate Left,  Level: 11]
[x: 4, y: 6] => RIGHT - Steps Left: 31 -  Pokemons Left: 9 [Move Forward,  Level: 12]
[x: 5, y: 6] => RIGHT - Steps Left: 30 -  Pokemons Left: 9 [Move Forward,  Level: 13]
[x: 5, y: 6] => UP - Steps Left: 30 -  Pokemons Left: 9 [Rotate Left,  Level: 14]
[x: 5, y: 5] => UP - Steps Left: 29 -  Pokemons Left: 9 [Move Forward,  Level: 15]
[x: 5, y: 4] => UP - Steps Left: 28 -  Pokemons Left: 9 [Move Forward,  Level: 16]
[x: 5, y: 3] => UP - Steps Left: 27 -  Pokemons Left: 9 [Move Forward,  Level: 17]
[x: 5, y: 2] => UP - Steps Left: 26 -  Pokemons Left: 8 [Move Forward,  Level: 18]
[x: 5, y: 2] => LEFT - Steps Left: 26 -  Pokemons Left: 8 [Rotate Left,  Level: 19]
[x: 4, y: 2] => LEFT - Steps Left: 25 -  Pokemons Left: 7 [Move Forward,  Level: 20]
[x: 3, y: 2] => LEFT - Steps Left: 24 -  Pokemons Left: 6 [Move Forward,  Level: 21]
[x: 2, y: 2] => LEFT - Steps Left: 23 -  Pokemons Left: 6 [Move Forward,  Level: 22]
[x: 1, y: 2] => LEFT - Steps Left: 22 -  Pokemons Left: 5 [Move Forward,  Level: 23]
[x: 1, y: 2] => DOWN - Steps Left: 22 -  Pokemons Left: 5 [Rotate Left,  Level: 24]
[x: 1, y: 3] => DOWN - Steps Left: 21 -  Pokemons Left: 5 [Move Forward,  Level: 25]
[x: 1, y: 4] => DOWN - Steps Left: 20 -  Pokemons Left: 4 [Move Forward,  Level: 26]
[x: 1, y: 4] => RIGHT - Steps Left: 20 -  Pokemons Left: 4 [Rotate Left,  Level: 27]
[x: 2, y: 4] => RIGHT - Steps Left: 19 -  Pokemons Left: 4 [Move Forward,  Level: 28]
[x: 3, y: 4] => RIGHT - Steps Left: 18 -  Pokemons Left: 3 [Move Forward,  Level: 29]
[x: 3, y: 4] => UP - Steps Left: 18 -  Pokemons Left: 3 [Rotate Left,  Level: 30]
[x: 3, y: 4] => LEFT - Steps Left: 18 -  Pokemons Left: 3 [Rotate Left,  Level: 31]
[x: 2, y: 4] => LEFT - Steps Left: 17 -  Pokemons Left: 3 [Move Forward,  Level: 32]
[x: 1, y: 4] => LEFT - Steps Left: 16 -  Pokemons Left: 3 [Move Forward,  Level: 33]
[x: 1, y: 4] => UP - Steps Left: 16 -  Pokemons Left: 3 [Rotate Right,  Level: 34]
[x: 1, y: 3] => UP - Steps Left: 15 -  Pokemons Left: 3 [Move Forward,  Level: 35]
[x: 1, y: 2] => UP - Steps Left: 14 -  Pokemons Left: 3 [Move Forward,  Level: 36]
[x: 1, y: 1] => UP - Steps Left: 13 -  Pokemons Left: 3 [Move Forward,  Level: 37]
[x: 1, y: 0] => UP - Steps Left: 12 -  Pokemons Left: 2 [Move Forward,  Level: 38]
[x: 1, y: 0] => RIGHT - Steps Left: 12 -  Pokemons Left: 2 [Rotate Right,  Level: 39]
[x: 2, y: 0] => RIGHT - Steps Left: 11 -  Pokemons Left: 2 [Move Forward,  Level: 40]
[x: 3, y: 0] => RIGHT - Steps Left: 10 -  Pokemons Left: 1 [Move Forward,  Level: 41]
[x: 3, y: 0] => UP - Steps Left: 10 -  Pokemons Left: 1 [Rotate Left,  Level: 42]
[x: 3, y: 0] => LEFT - Steps Left: 10 -  Pokemons Left: 1 [Rotate Left,  Level: 43]
[x: 2, y: 0] => LEFT - Steps Left: 9 -  Pokemons Left: 1 [Move Forward,  Level: 44]
[x: 1, y: 0] => LEFT - Steps Left: 8 -  Pokemons Left: 1 [Move Forward,  Level: 45]
[x: 1, y: 0] => DOWN - Steps Left: 8 -  Pokemons Left: 1 [Rotate Left,  Level: 46]
[x: 1, y: 1] => DOWN - Steps Left: 7 -  Pokemons Left: 1 [Move Forward,  Level: 47]
[x: 1, y: 2] => DOWN - Steps Left: 6 -  Pokemons Left: 1 [Move Forward,  Level: 48]
[x: 1, y: 2] => RIGHT - Steps Left: 6 -  Pokemons Left: 1 [Rotate Left,  Level: 49]
[x: 2, y: 2] => RIGHT - Steps Left: 5 -  Pokemons Left: 1 [Move Forward,  Level: 50]
[x: 3, y: 2] => RIGHT - Steps Left: 4 -  Pokemons Left: 1 [Move Forward,  Level: 51]
[x: 4, y: 2] => RIGHT - Steps Left: 3 -  Pokemons Left: 1 [Move Forward,  Level: 52]
[x: 5, y: 2] => RIGHT - Steps Left: 2 -  Pokemons Left: 1 [Move Forward,  Level: 53]
[x: 5, y: 2] => UP - Steps Left: 2 -  Pokemons Left: 1 [Rotate Left,  Level: 54]
[x: 5, y: 1] => UP - Steps Left: 1 -  Pokemons Left: 1 [Move Forward,  Level: 55]
[x: 5, y: 0] => UP - Steps Left: 0 -  Pokemons Left: 0 [Move Forward,  Level: 56]
************************



Steps To Move: 36, Number Of Pokemons: 11
Number Of Expanded Nodes: 248747, Solution Depth: 56

__________________________________________________________________________________
Passed Goal Test

________________GR1 SOLUTION_________________________
************************
[x: 5, y: 6] => DOWN - Steps Left: 36 -  Pokemons Left: 11 [noop,  Level: 0]
[x: 5, y: 6] => LEFT - Steps Left: 36 -  Pokemons Left: 11 [Rotate Right,  Level: 1]
[x: 5, y: 6] => UP - Steps Left: 36 -  Pokemons Left: 11 [Rotate Right,  Level: 2]
[x: 5, y: 5] => UP - Steps Left: 35 -  Pokemons Left: 10 [Move Forward,  Level: 3]
[x: 5, y: 4] => UP - Steps Left: 34 -  Pokemons Left: 10 [Move Forward,  Level: 4]
[x: 5, y: 3] => UP - Steps Left: 33 -  Pokemons Left: 10 [Move Forward,  Level: 5]
[x: 5, y: 2] => UP - Steps Left: 32 -  Pokemons Left: 9 [Move Forward,  Level: 6]
[x: 5, y: 2] => LEFT - Steps Left: 32 -  Pokemons Left: 9 [Rotate Left,  Level: 7]
[x: 4, y: 2] => LEFT - Steps Left: 31 -  Pokemons Left: 8 [Move Forward,  Level: 8]
[x: 3, y: 2] => LEFT - Steps Left: 30 -  Pokemons Left: 7 [Move Forward,  Level: 9]
[x: 2, y: 2] => LEFT - Steps Left: 29 -  Pokemons Left: 7 [Move Forward,  Level: 10]
[x: 1, y: 2] => LEFT - Steps Left: 28 -  Pokemons Left: 6 [Move Forward,  Level: 11]
[x: 1, y: 2] => DOWN - Steps Left: 28 -  Pokemons Left: 6 [Rotate Left,  Level: 12]
[x: 1, y: 3] => DOWN - Steps Left: 27 -  Pokemons Left: 6 [Move Forward,  Level: 13]
[x: 1, y: 4] => DOWN - Steps Left: 26 -  Pokemons Left: 5 [Move Forward,  Level: 14]
[x: 1, y: 4] => RIGHT - Steps Left: 26 -  Pokemons Left: 5 [Rotate Left,  Level: 15]
[x: 2, y: 4] => RIGHT - Steps Left: 25 -  Pokemons Left: 5 [Move Forward,  Level: 16]
[x: 3, y: 4] => RIGHT - Steps Left: 24 -  Pokemons Left: 4 [Move Forward,  Level: 17]
[x: 3, y: 4] => DOWN - Steps Left: 24 -  Pokemons Left: 4 [Rotate Right,  Level: 18]
[x: 3, y: 4] => LEFT - Steps Left: 24 -  Pokemons Left: 4 [Rotate Right,  Level: 19]
[x: 2, y: 4] => LEFT - Steps Left: 23 -  Pokemons Left: 4 [Move Forward,  Level: 20]
[x: 1, y: 4] => LEFT - Steps Left: 22 -  Pokemons Left: 4 [Move Forward,  Level: 21]
[x: 1, y: 4] => UP - Steps Left: 22 -  Pokemons Left: 4 [Rotate Right,  Level: 22]
[x: 1, y: 3] => UP - Steps Left: 21 -  Pokemons Left: 4 [Move Forward,  Level: 23]
[x: 1, y: 2] => UP - Steps Left: 20 -  Pokemons Left: 4 [Move Forward,  Level: 24]
[x: 1, y: 1] => UP - Steps Left: 19 -  Pokemons Left: 4 [Move Forward,  Level: 25]
[x: 1, y: 0] => UP - Steps Left: 18 -  Pokemons Left: 3 [Move Forward,  Level: 26]
[x: 1, y: 0] => RIGHT - Steps Left: 18 -  Pokemons Left: 3 [Rotate Right,  Level: 27]
[x: 2, y: 0] => RIGHT - Steps Left: 17 -  Pokemons Left: 3 [Move Forward,  Level: 28]
[x: 3, y: 0] => RIGHT - Steps Left: 16 -  Pokemons Left: 2 [Move Forward,  Level: 29]
[x: 3, y: 0] => DOWN - Steps Left: 16 -  Pokemons Left: 2 [Rotate Right,  Level: 30]
[x: 3, y: 0] => LEFT - Steps Left: 16 -  Pokemons Left: 2 [Rotate Right,  Level: 31]
[x: 2, y: 0] => LEFT - Steps Left: 15 -  Pokemons Left: 2 [Move Forward,  Level: 32]
[x: 1, y: 0] => LEFT - Steps Left: 14 -  Pokemons Left: 2 [Move Forward,  Level: 33]
[x: 1, y: 0] => DOWN - Steps Left: 14 -  Pokemons Left: 2 [Rotate Left,  Level: 34]
[x: 1, y: 1] => DOWN - Steps Left: 13 -  Pokemons Left: 2 [Move Forward,  Level: 35]
[x: 1, y: 2] => DOWN - Steps Left: 12 -  Pokemons Left: 2 [Move Forward,  Level: 36]
[x: 1, y: 2] => RIGHT - Steps Left: 12 -  Pokemons Left: 2 [Rotate Left,  Level: 37]
[x: 2, y: 2] => RIGHT - Steps Left: 11 -  Pokemons Left: 2 [Move Forward,  Level: 38]
[x: 3, y: 2] => RIGHT - Steps Left: 10 -  Pokemons Left: 2 [Move Forward,  Level: 39]
[x: 4, y: 2] => RIGHT - Steps Left: 9 -  Pokemons Left: 2 [Move Forward,  Level: 40]
[x: 5, y: 2] => RIGHT - Steps Left: 8 -  Pokemons Left: 2 [Move Forward,  Level: 41]
[x: 5, y: 2] => DOWN - Steps Left: 8 -  Pokemons Left: 2 [Rotate Right,  Level: 42]
[x: 5, y: 3] => DOWN - Steps Left: 7 -  Pokemons Left: 2 [Move Forward,  Level: 43]
[x: 5, y: 4] => DOWN - Steps Left: 6 -  Pokemons Left: 2 [Move Forward,  Level: 44]
[x: 5, y: 5] => DOWN - Steps Left: 5 -  Pokemons Left: 2 [Move Forward,  Level: 45]
[x: 5, y: 6] => DOWN - Steps Left: 4 -  Pokemons Left: 2 [Move Forward,  Level: 46]
[x: 5, y: 6] => LEFT - Steps Left: 4 -  Pokemons Left: 2 [Rotate Right,  Level: 47]
[x: 4, y: 6] => LEFT - Steps Left: 3 -  Pokemons Left: 2 [Move Forward,  Level: 48]
[x: 3, y: 6] => LEFT - Steps Left: 2 -  Pokemons Left: 1 [Move Forward,  Level: 49]
[x: 3, y: 6] => UP - Steps Left: 2 -  Pokemons Left: 1 [Rotate Right,  Level: 50]
[x: 3, y: 6] => RIGHT - Steps Left: 2 -  Pokemons Left: 1 [Rotate Right,  Level: 51]
[x: 4, y: 6] => RIGHT - Steps Left: 1 -  Pokemons Left: 1 [Move Forward,  Level: 52]
[x: 5, y: 6] => RIGHT - Steps Left: 0 -  Pokemons Left: 1 [Move Forward,  Level: 53]
[x: 5, y: 6] => UP - Steps Left: 0 -  Pokemons Left: 1 [Rotate Left,  Level: 54]
[x: 5, y: 5] => UP - Steps Left: 0 -  Pokemons Left: 1 [Move Forward,  Level: 55]
[x: 5, y: 4] => UP - Steps Left: 0 -  Pokemons Left: 1 [Move Forward,  Level: 56]
[x: 5, y: 3] => UP - Steps Left: 0 -  Pokemons Left: 1 [Move Forward,  Level: 57]
[x: 5, y: 2] => UP - Steps Left: 0 -  Pokemons Left: 1 [Move Forward,  Level: 58]
[x: 5, y: 1] => UP - Steps Left: 0 -  Pokemons Left: 1 [Move Forward,  Level: 59]
[x: 5, y: 0] => UP - Steps Left: 0 -  Pokemons Left: 0 [Move Forward,  Level: 60]
************************



Steps To Move: 36, Number Of Pokemons: 11
Number Of Expanded Nodes: 26442, Solution Depth: 60

__________________________________________________________________________________
Passed Goal Test

________________AS1 SOLUTION_________________________
************************
[x: 5, y: 6] => DOWN - Steps Left: 36 -  Pokemons Left: 11 [noop,  Level: 0]
[x: 5, y: 6] => LEFT - Steps Left: 36 -  Pokemons Left: 11 [Rotate Right,  Level: 1]
[x: 5, y: 6] => UP - Steps Left: 36 -  Pokemons Left: 11 [Rotate Right,  Level: 2]
[x: 5, y: 5] => UP - Steps Left: 35 -  Pokemons Left: 10 [Move Forward,  Level: 3]
[x: 5, y: 4] => UP - Steps Left: 34 -  Pokemons Left: 10 [Move Forward,  Level: 4]
[x: 5, y: 3] => UP - Steps Left: 33 -  Pokemons Left: 10 [Move Forward,  Level: 5]
[x: 5, y: 2] => UP - Steps Left: 32 -  Pokemons Left: 9 [Move Forward,  Level: 6]
[x: 5, y: 2] => LEFT - Steps Left: 32 -  Pokemons Left: 9 [Rotate Left,  Level: 7]
[x: 4, y: 2] => LEFT - Steps Left: 31 -  Pokemons Left: 8 [Move Forward,  Level: 8]
[x: 3, y: 2] => LEFT - Steps Left: 30 -  Pokemons Left: 7 [Move Forward,  Level: 9]
[x: 2, y: 2] => LEFT - Steps Left: 29 -  Pokemons Left: 7 [Move Forward,  Level: 10]
[x: 1, y: 2] => LEFT - Steps Left: 28 -  Pokemons Left: 6 [Move Forward,  Level: 11]
[x: 1, y: 2] => DOWN - Steps Left: 28 -  Pokemons Left: 6 [Rotate Left,  Level: 12]
[x: 1, y: 3] => DOWN - Steps Left: 27 -  Pokemons Left: 6 [Move Forward,  Level: 13]
[x: 1, y: 4] => DOWN - Steps Left: 26 -  Pokemons Left: 5 [Move Forward,  Level: 14]
[x: 1, y: 4] => RIGHT - Steps Left: 26 -  Pokemons Left: 5 [Rotate Left,  Level: 15]
[x: 2, y: 4] => RIGHT - Steps Left: 25 -  Pokemons Left: 5 [Move Forward,  Level: 16]
[x: 3, y: 4] => RIGHT - Steps Left: 24 -  Pokemons Left: 4 [Move Forward,  Level: 17]
[x: 3, y: 4] => DOWN - Steps Left: 24 -  Pokemons Left: 4 [Rotate Right,  Level: 18]
[x: 3, y: 4] => LEFT - Steps Left: 24 -  Pokemons Left: 4 [Rotate Right,  Level: 19]
[x: 2, y: 4] => LEFT - Steps Left: 23 -  Pokemons Left: 4 [Move Forward,  Level: 20]
[x: 1, y: 4] => LEFT - Steps Left: 22 -  Pokemons Left: 4 [Move Forward,  Level: 21]
[x: 1, y: 4] => UP - Steps Left: 22 -  Pokemons Left: 4 [Rotate Right,  Level: 22]
[x: 1, y: 3] => UP - Steps Left: 21 -  Pokemons Left: 4 [Move Forward,  Level: 23]
[x: 1, y: 2] => UP - Steps Left: 20 -  Pokemons Left: 4 [Move Forward,  Level: 24]
[x: 1, y: 1] => UP - Steps Left: 19 -  Pokemons Left: 4 [Move Forward,  Level: 25]
[x: 1, y: 0] => UP - Steps Left: 18 -  Pokemons Left: 3 [Move Forward,  Level: 26]
[x: 1, y: 0] => RIGHT - Steps Left: 18 -  Pokemons Left: 3 [Rotate Right,  Level: 27]
[x: 2, y: 0] => RIGHT - Steps Left: 17 -  Pokemons Left: 3 [Move Forward,  Level: 28]
[x: 3, y: 0] => RIGHT - Steps Left: 16 -  Pokemons Left: 2 [Move Forward,  Level: 29]
[x: 3, y: 0] => DOWN - Steps Left: 16 -  Pokemons Left: 2 [Rotate Right,  Level: 30]
[x: 3, y: 0] => LEFT - Steps Left: 16 -  Pokemons Left: 2 [Rotate Right,  Level: 31]
[x: 2, y: 0] => LEFT - Steps Left: 15 -  Pokemons Left: 2 [Move Forward,  Level: 32]
[x: 1, y: 0] => LEFT - Steps Left: 14 -  Pokemons Left: 2 [Move Forward,  Level: 33]
[x: 1, y: 0] => DOWN - Steps Left: 14 -  Pokemons Left: 2 [Rotate Left,  Level: 34]
[x: 1, y: 1] => DOWN - Steps Left: 13 -  Pokemons Left: 2 [Move Forward,  Level: 35]
[x: 1, y: 2] => DOWN - Steps Left: 12 -  Pokemons Left: 2 [Move Forward,  Level: 36]
[x: 1, y: 2] => RIGHT - Steps Left: 12 -  Pokemons Left: 2 [Rotate Left,  Level: 37]
[x: 2, y: 2] => RIGHT - Steps Left: 11 -  Pokemons Left: 2 [Move Forward,  Level: 38]
[x: 3, y: 2] => RIGHT - Steps Left: 10 -  Pokemons Left: 2 [Move Forward,  Level: 39]
[x: 4, y: 2] => RIGHT - Steps Left: 9 -  Pokemons Left: 2 [Move Forward,  Level: 40]
[x: 5, y: 2] => RIGHT - Steps Left: 8 -  Pokemons Left: 2 [Move Forward,  Level: 41]
[x: 5, y: 2] => DOWN - Steps Left: 8 -  Pokemons Left: 2 [Rotate Right,  Level: 42]
[x: 5, y: 3] => DOWN - Steps Left: 7 -  Pokemons Left: 2 [Move Forward,  Level: 43]
[x: 5, y: 4] => DOWN - Steps Left: 6 -  Pokemons Left: 2 [Move Forward,  Level: 44]
[x: 5, y: 5] => DOWN - Steps Left: 5 -  Pokemons Left: 2 [Move Forward,  Level: 45]
[x: 5, y: 6] => DOWN - Steps Left: 4 -  Pokemons Left: 2 [Move Forward,  Level: 46]
[x: 5, y: 6] => LEFT - Steps Left: 4 -  Pokemons Left: 2 [Rotate Right,  Level: 47]
[x: 4, y: 6] => LEFT - Steps Left: 3 -  Pokemons Left: 2 [Move Forward,  Level: 48]
[x: 3, y: 6] => LEFT - Steps Left: 2 -  Pokemons Left: 1 [Move Forward,  Level: 49]
[x: 3, y: 6] => UP - Steps Left: 2 -  Pokemons Left: 1 [Rotate Right,  Level: 50]
[x: 3, y: 6] => RIGHT - Steps Left: 2 -  Pokemons Left: 1 [Rotate Right,  Level: 51]
[x: 4, y: 6] => RIGHT - Steps Left: 1 -  Pokemons Left: 1 [Move Forward,  Level: 52]
[x: 5, y: 6] => RIGHT - Steps Left: 0 -  Pokemons Left: 1 [Move Forward,  Level: 53]
[x: 5, y: 6] => UP - Steps Left: 0 -  Pokemons Left: 1 [Rotate Left,  Level: 54]
[x: 5, y: 5] => UP - Steps Left: 0 -  Pokemons Left: 1 [Move Forward,  Level: 55]
[x: 5, y: 4] => UP - Steps Left: 0 -  Pokemons Left: 1 [Move Forward,  Level: 56]
[x: 5, y: 3] => UP - Steps Left: 0 -  Pokemons Left: 1 [Move Forward,  Level: 57]
[x: 5, y: 2] => UP - Steps Left: 0 -  Pokemons Left: 1 [Move Forward,  Level: 58]
[x: 5, y: 1] => UP - Steps Left: 0 -  Pokemons Left: 1 [Move Forward,  Level: 59]
[x: 5, y: 0] => UP - Steps Left: 0 -  Pokemons Left: 0 [Move Forward,  Level: 60]
************************



Steps To Move: 36, Number Of Pokemons: 11
Number Of Expanded Nodes: 26442, Solution Depth: 60

__________________________________________________________________________________
Passed Goal Test

________________GR2 SOLUTION_________________________
************************
[x: 5, y: 6] => DOWN - Steps Left: 36 -  Pokemons Left: 11 [noop,  Level: 0]
[x: 5, y: 6] => LEFT - Steps Left: 36 -  Pokemons Left: 0 [Rotate Right,  Level: 1]
[x: 5, y: 6] => UP - Steps Left: 36 -  Pokemons Left: 0 [Rotate Right,  Level: 2]
[x: 5, y: 5] => UP - Steps Left: 35 -  Pokemons Left: 0 [Move Forward,  Level: 3]
[x: 5, y: 4] => UP - Steps Left: 34 -  Pokemons Left: 0 [Move Forward,  Level: 4]
[x: 5, y: 3] => UP - Steps Left: 33 -  Pokemons Left: 0 [Move Forward,  Level: 5]
[x: 5, y: 2] => UP - Steps Left: 32 -  Pokemons Left: 0 [Move Forward,  Level: 6]
[x: 5, y: 2] => LEFT - Steps Left: 32 -  Pokemons Left: 0 [Rotate Left,  Level: 7]
[x: 4, y: 2] => LEFT - Steps Left: 31 -  Pokemons Left: 0 [Move Forward,  Level: 8]
[x: 3, y: 2] => LEFT - Steps Left: 30 -  Pokemons Left: 0 [Move Forward,  Level: 9]
[x: 2, y: 2] => LEFT - Steps Left: 29 -  Pokemons Left: 0 [Move Forward,  Level: 10]
[x: 2, y: 2] => UP - Steps Left: 29 -  Pokemons Left: 0 [Rotate Right,  Level: 11]
[x: 2, y: 2] => RIGHT - Steps Left: 29 -  Pokemons Left: 0 [Rotate Right,  Level: 12]
[x: 3, y: 2] => RIGHT - Steps Left: 28 -  Pokemons Left: 0 [Move Forward,  Level: 13]
[x: 4, y: 2] => RIGHT - Steps Left: 27 -  Pokemons Left: 0 [Move Forward,  Level: 14]
[x: 5, y: 2] => RIGHT - Steps Left: 26 -  Pokemons Left: 0 [Move Forward,  Level: 15]
[x: 5, y: 2] => DOWN - Steps Left: 26 -  Pokemons Left: 0 [Rotate Right,  Level: 16]
[x: 5, y: 2] => LEFT - Steps Left: 26 -  Pokemons Left: 0 [Rotate Right,  Level: 17]
[x: 4, y: 2] => LEFT - Steps Left: 25 -  Pokemons Left: 0 [Move Forward,  Level: 18]
[x: 3, y: 2] => LEFT - Steps Left: 24 -  Pokemons Left: 0 [Move Forward,  Level: 19]
[x: 2, y: 2] => LEFT - Steps Left: 23 -  Pokemons Left: 0 [Move Forward,  Level: 20]
[x: 2, y: 2] => UP - Steps Left: 23 -  Pokemons Left: 0 [Rotate Right,  Level: 21]
[x: 2, y: 2] => RIGHT - Steps Left: 23 -  Pokemons Left: 0 [Rotate Right,  Level: 22]
[x: 3, y: 2] => RIGHT - Steps Left: 22 -  Pokemons Left: 0 [Move Forward,  Level: 23]
[x: 4, y: 2] => RIGHT - Steps Left: 21 -  Pokemons Left: 0 [Move Forward,  Level: 24]
[x: 5, y: 2] => RIGHT - Steps Left: 20 -  Pokemons Left: 0 [Move Forward,  Level: 25]
[x: 5, y: 2] => DOWN - Steps Left: 20 -  Pokemons Left: 0 [Rotate Right,  Level: 26]
[x: 5, y: 2] => LEFT - Steps Left: 20 -  Pokemons Left: 0 [Rotate Right,  Level: 27]
[x: 4, y: 2] => LEFT - Steps Left: 19 -  Pokemons Left: 0 [Move Forward,  Level: 28]
[x: 3, y: 2] => LEFT - Steps Left: 18 -  Pokemons Left: 0 [Move Forward,  Level: 29]
[x: 2, y: 2] => LEFT - Steps Left: 17 -  Pokemons Left: 0 [Move Forward,  Level: 30]
[x: 2, y: 2] => UP - Steps Left: 17 -  Pokemons Left: 0 [Rotate Right,  Level: 31]
[x: 2, y: 2] => RIGHT - Steps Left: 17 -  Pokemons Left: 0 [Rotate Right,  Level: 32]
[x: 3, y: 2] => RIGHT - Steps Left: 16 -  Pokemons Left: 0 [Move Forward,  Level: 33]
[x: 4, y: 2] => RIGHT - Steps Left: 15 -  Pokemons Left: 0 [Move Forward,  Level: 34]
[x: 5, y: 2] => RIGHT - Steps Left: 14 -  Pokemons Left: 0 [Move Forward,  Level: 35]
[x: 5, y: 2] => DOWN - Steps Left: 14 -  Pokemons Left: 0 [Rotate Right,  Level: 36]
[x: 5, y: 2] => LEFT - Steps Left: 14 -  Pokemons Left: 0 [Rotate Right,  Level: 37]
[x: 4, y: 2] => LEFT - Steps Left: 13 -  Pokemons Left: 0 [Move Forward,  Level: 38]
[x: 3, y: 2] => LEFT - Steps Left: 12 -  Pokemons Left: 0 [Move Forward,  Level: 39]
[x: 2, y: 2] => LEFT - Steps Left: 11 -  Pokemons Left: 0 [Move Forward,  Level: 40]
[x: 2, y: 2] => UP - Steps Left: 11 -  Pokemons Left: 0 [Rotate Right,  Level: 41]
[x: 2, y: 2] => RIGHT - Steps Left: 11 -  Pokemons Left: 0 [Rotate Right,  Level: 42]
[x: 3, y: 2] => RIGHT - Steps Left: 10 -  Pokemons Left: 0 [Move Forward,  Level: 43]
[x: 4, y: 2] => RIGHT - Steps Left: 9 -  Pokemons Left: 0 [Move Forward,  Level: 44]
[x: 5, y: 2] => RIGHT - Steps Left: 8 -  Pokemons Left: 0 [Move Forward,  Level: 45]
[x: 5, y: 2] => DOWN - Steps Left: 8 -  Pokemons Left: 0 [Rotate Right,  Level: 46]
[x: 5, y: 2] => LEFT - Steps Left: 8 -  Pokemons Left: 0 [Rotate Right,  Level: 47]
[x: 4, y: 2] => LEFT - Steps Left: 7 -  Pokemons Left: 0 [Move Forward,  Level: 48]
[x: 3, y: 2] => LEFT - Steps Left: 6 -  Pokemons Left: 0 [Move Forward,  Level: 49]
[x: 2, y: 2] => LEFT - Steps Left: 5 -  Pokemons Left: 0 [Move Forward,  Level: 50]
[x: 2, y: 2] => UP - Steps Left: 5 -  Pokemons Left: 0 [Rotate Right,  Level: 51]
[x: 2, y: 2] => RIGHT - Steps Left: 5 -  Pokemons Left: 0 [Rotate Right,  Level: 52]
[x: 3, y: 2] => RIGHT - Steps Left: 4 -  Pokemons Left: 0 [Move Forward,  Level: 53]
[x: 4, y: 2] => RIGHT - Steps Left: 3 -  Pokemons Left: 0 [Move Forward,  Level: 54]
[x: 5, y: 2] => RIGHT - Steps Left: 2 -  Pokemons Left: 0 [Move Forward,  Level: 55]
[x: 5, y: 2] => UP - Steps Left: 2 -  Pokemons Left: 0 [Rotate Left,  Level: 56]
[x: 5, y: 1] => UP - Steps Left: 1 -  Pokemons Left: 0 [Move Forward,  Level: 57]
[x: 5, y: 0] => UP - Steps Left: 0 -  Pokemons Left: 0 [Move Forward,  Level: 58]
************************



Steps To Move: 36, Number Of Pokemons: 11
Number Of Expanded Nodes: 947, Solution Depth: 58

__________________________________________________________________________________
Passed Goal Test

________________AS2 SOLUTION_________________________
************************
[x: 5, y: 6] => DOWN - Steps Left: 36 -  Pokemons Left: 11 [noop,  Level: 0]
[x: 5, y: 6] => LEFT - Steps Left: 36 -  Pokemons Left: 0 [Rotate Right,  Level: 1]
[x: 5, y: 6] => UP - Steps Left: 36 -  Pokemons Left: 0 [Rotate Right,  Level: 2]
[x: 5, y: 5] => UP - Steps Left: 35 -  Pokemons Left: 0 [Move Forward,  Level: 3]
[x: 5, y: 4] => UP - Steps Left: 34 -  Pokemons Left: 0 [Move Forward,  Level: 4]
[x: 5, y: 3] => UP - Steps Left: 33 -  Pokemons Left: 0 [Move Forward,  Level: 5]
[x: 5, y: 2] => UP - Steps Left: 32 -  Pokemons Left: 0 [Move Forward,  Level: 6]
[x: 5, y: 2] => LEFT - Steps Left: 32 -  Pokemons Left: 0 [Rotate Left,  Level: 7]
[x: 4, y: 2] => LEFT - Steps Left: 31 -  Pokemons Left: 0 [Move Forward,  Level: 8]
[x: 3, y: 2] => LEFT - Steps Left: 30 -  Pokemons Left: 0 [Move Forward,  Level: 9]
[x: 2, y: 2] => LEFT - Steps Left: 29 -  Pokemons Left: 0 [Move Forward,  Level: 10]
[x: 2, y: 2] => UP - Steps Left: 29 -  Pokemons Left: 0 [Rotate Right,  Level: 11]
[x: 2, y: 2] => RIGHT - Steps Left: 29 -  Pokemons Left: 0 [Rotate Right,  Level: 12]
[x: 3, y: 2] => RIGHT - Steps Left: 28 -  Pokemons Left: 0 [Move Forward,  Level: 13]
[x: 4, y: 2] => RIGHT - Steps Left: 27 -  Pokemons Left: 0 [Move Forward,  Level: 14]
[x: 5, y: 2] => RIGHT - Steps Left: 26 -  Pokemons Left: 0 [Move Forward,  Level: 15]
[x: 5, y: 2] => DOWN - Steps Left: 26 -  Pokemons Left: 0 [Rotate Right,  Level: 16]
[x: 5, y: 2] => LEFT - Steps Left: 26 -  Pokemons Left: 0 [Rotate Right,  Level: 17]
[x: 4, y: 2] => LEFT - Steps Left: 25 -  Pokemons Left: 0 [Move Forward,  Level: 18]
[x: 3, y: 2] => LEFT - Steps Left: 24 -  Pokemons Left: 0 [Move Forward,  Level: 19]
[x: 2, y: 2] => LEFT - Steps Left: 23 -  Pokemons Left: 0 [Move Forward,  Level: 20]
[x: 2, y: 2] => UP - Steps Left: 23 -  Pokemons Left: 0 [Rotate Right,  Level: 21]
[x: 2, y: 2] => RIGHT - Steps Left: 23 -  Pokemons Left: 0 [Rotate Right,  Level: 22]
[x: 3, y: 2] => RIGHT - Steps Left: 22 -  Pokemons Left: 0 [Move Forward,  Level: 23]
[x: 4, y: 2] => RIGHT - Steps Left: 21 -  Pokemons Left: 0 [Move Forward,  Level: 24]
[x: 5, y: 2] => RIGHT - Steps Left: 20 -  Pokemons Left: 0 [Move Forward,  Level: 25]
[x: 5, y: 2] => DOWN - Steps Left: 20 -  Pokemons Left: 0 [Rotate Right,  Level: 26]
[x: 5, y: 2] => LEFT - Steps Left: 20 -  Pokemons Left: 0 [Rotate Right,  Level: 27]
[x: 4, y: 2] => LEFT - Steps Left: 19 -  Pokemons Left: 0 [Move Forward,  Level: 28]
[x: 3, y: 2] => LEFT - Steps Left: 18 -  Pokemons Left: 0 [Move Forward,  Level: 29]
[x: 2, y: 2] => LEFT - Steps Left: 17 -  Pokemons Left: 0 [Move Forward,  Level: 30]
[x: 2, y: 2] => UP - Steps Left: 17 -  Pokemons Left: 0 [Rotate Right,  Level: 31]
[x: 2, y: 2] => RIGHT - Steps Left: 17 -  Pokemons Left: 0 [Rotate Right,  Level: 32]
[x: 3, y: 2] => RIGHT - Steps Left: 16 -  Pokemons Left: 0 [Move Forward,  Level: 33]
[x: 4, y: 2] => RIGHT - Steps Left: 15 -  Pokemons Left: 0 [Move Forward,  Level: 34]
[x: 5, y: 2] => RIGHT - Steps Left: 14 -  Pokemons Left: 0 [Move Forward,  Level: 35]
[x: 5, y: 2] => DOWN - Steps Left: 14 -  Pokemons Left: 0 [Rotate Right,  Level: 36]
[x: 5, y: 2] => LEFT - Steps Left: 14 -  Pokemons Left: 0 [Rotate Right,  Level: 37]
[x: 4, y: 2] => LEFT - Steps Left: 13 -  Pokemons Left: 0 [Move Forward,  Level: 38]
[x: 3, y: 2] => LEFT - Steps Left: 12 -  Pokemons Left: 0 [Move Forward,  Level: 39]
[x: 2, y: 2] => LEFT - Steps Left: 11 -  Pokemons Left: 0 [Move Forward,  Level: 40]
[x: 2, y: 2] => UP - Steps Left: 11 -  Pokemons Left: 0 [Rotate Right,  Level: 41]
[x: 2, y: 2] => RIGHT - Steps Left: 11 -  Pokemons Left: 0 [Rotate Right,  Level: 42]
[x: 3, y: 2] => RIGHT - Steps Left: 10 -  Pokemons Left: 0 [Move Forward,  Level: 43]
[x: 4, y: 2] => RIGHT - Steps Left: 9 -  Pokemons Left: 0 [Move Forward,  Level: 44]
[x: 5, y: 2] => RIGHT - Steps Left: 8 -  Pokemons Left: 0 [Move Forward,  Level: 45]
[x: 5, y: 2] => DOWN - Steps Left: 8 -  Pokemons Left: 0 [Rotate Right,  Level: 46]
[x: 5, y: 2] => LEFT - Steps Left: 8 -  Pokemons Left: 0 [Rotate Right,  Level: 47]
[x: 4, y: 2] => LEFT - Steps Left: 7 -  Pokemons Left: 0 [Move Forward,  Level: 48]
[x: 3, y: 2] => LEFT - Steps Left: 6 -  Pokemons Left: 0 [Move Forward,  Level: 49]
[x: 2, y: 2] => LEFT - Steps Left: 5 -  Pokemons Left: 0 [Move Forward,  Level: 50]
[x: 2, y: 2] => UP - Steps Left: 5 -  Pokemons Left: 0 [Rotate Right,  Level: 51]
[x: 2, y: 2] => RIGHT - Steps Left: 5 -  Pokemons Left: 0 [Rotate Right,  Level: 52]
[x: 3, y: 2] => RIGHT - Steps Left: 4 -  Pokemons Left: 0 [Move Forward,  Level: 53]
[x: 4, y: 2] => RIGHT - Steps Left: 3 -  Pokemons Left: 0 [Move Forward,  Level: 54]
[x: 5, y: 2] => RIGHT - Steps Left: 2 -  Pokemons Left: 0 [Move Forward,  Level: 55]
[x: 5, y: 2] => UP - Steps Left: 2 -  Pokemons Left: 0 [Rotate Left,  Level: 56]
[x: 5, y: 1] => UP - Steps Left: 1 -  Pokemons Left: 0 [Move Forward,  Level: 57]
[x: 5, y: 0] => UP - Steps Left: 0 -  Pokemons Left: 0 [Move Forward,  Level: 58]
************************



Steps To Move: 36, Number Of Pokemons: 11
Number Of Expanded Nodes: 947, Solution Depth: 58

__________________________________________________________________________________
